0 info it worked if it ends with ok
1 verbose cli [ 'node', '/usr/local/bin/npm', 'install', '-g', 'microtime' ]
2 info using npm@1.4.23
3 info using node@v0.10.31
4 verbose cache add [ 'microtime', null ]
5 verbose cache add name=undefined spec="microtime" args=["microtime",null]
6 verbose parsed url { protocol: null,
6 verbose parsed url   slashes: null,
6 verbose parsed url   auth: null,
6 verbose parsed url   host: null,
6 verbose parsed url   port: null,
6 verbose parsed url   hostname: null,
6 verbose parsed url   hash: null,
6 verbose parsed url   search: null,
6 verbose parsed url   query: null,
6 verbose parsed url   pathname: 'microtime',
6 verbose parsed url   path: 'microtime',
6 verbose parsed url   href: 'microtime' }
7 silly lockFile aa34fe73-microtime microtime
8 verbose lock microtime /Users/kuindji/.npm/aa34fe73-microtime.lock
9 silly lockFile aa34fe73-microtime microtime
10 silly lockFile aa34fe73-microtime microtime
11 verbose addNamed [ 'microtime', '' ]
12 verbose addNamed [ null, '*' ]
13 silly lockFile 1d4f731b-microtime microtime@
14 verbose lock microtime@ /Users/kuindji/.npm/1d4f731b-microtime.lock
15 silly addNameRange { name: 'microtime', range: '*', hasData: false }
16 verbose request where is /microtime
17 verbose request registry https://registry.npmjs.org/
18 verbose request id 286180dfe5138d0c
19 verbose url raw /microtime
20 verbose url resolving [ 'https://registry.npmjs.org/', './microtime' ]
21 verbose url resolved https://registry.npmjs.org/microtime
22 verbose request where is https://registry.npmjs.org/microtime
23 info trying registry request attempt 1 at 12:45:06
24 verbose etag "6VGUE5CZTUBMTTMGOS1FSHA2Y"
25 http GET https://registry.npmjs.org/microtime
26 http 304 https://registry.npmjs.org/microtime
27 silly registry.get cb [ 304,
27 silly registry.get   { date: 'Mon, 01 Sep 2014 08:45:06 GMT',
27 silly registry.get     server: 'Apache',
27 silly registry.get     via: '1.1 varnish',
27 silly registry.get     'last-modified': 'Mon, 01 Sep 2014 08:45:06 GMT',
27 silly registry.get     'cache-control': 'max-age=60',
27 silly registry.get     etag: '"6VGUE5CZTUBMTTMGOS1FSHA2Y"',
27 silly registry.get     'x-served-by': 'cache-ams4122-AMS',
27 silly registry.get     'x-cache': 'HIT',
27 silly registry.get     'x-cache-hits': '1',
27 silly registry.get     'x-timer': 'S1409561106.706872,VS0,VE158',
27 silly registry.get     vary: 'Accept',
27 silly registry.get     'content-length': '0',
27 silly registry.get     'keep-alive': 'timeout=10, max=50',
27 silly registry.get     connection: 'Keep-Alive' } ]
28 verbose etag https://registry.npmjs.org/microtime from cache
29 silly addNameRange number 2 { name: 'microtime', range: '*', hasData: true }
30 silly addNameRange versions [ 'microtime',
30 silly addNameRange   [ '0.1.0',
30 silly addNameRange     '0.1.1',
30 silly addNameRange     '0.1.2',
30 silly addNameRange     '0.1.3',
30 silly addNameRange     '0.1.3-1',
30 silly addNameRange     '0.2.0',
30 silly addNameRange     '0.3.0',
30 silly addNameRange     '0.3.1',
30 silly addNameRange     '0.3.2',
30 silly addNameRange     '0.3.3',
30 silly addNameRange     '0.4.0',
30 silly addNameRange     '0.5.0',
30 silly addNameRange     '0.5.1',
30 silly addNameRange     '0.6.0',
30 silly addNameRange     '1.0.0',
30 silly addNameRange     '1.0.1' ] ]
31 verbose addNamed [ 'microtime', '1.0.1' ]
32 verbose addNamed [ '1.0.1', '1.0.1' ]
33 silly lockFile cf72d2e4-microtime-1-0-1 microtime@1.0.1
34 verbose lock microtime@1.0.1 /Users/kuindji/.npm/cf72d2e4-microtime-1-0-1.lock
35 silly lockFile 110b414b-rg-microtime-microtime-1-0-1-tgz https://registry.npmjs.org/microtime/-/microtime-1.0.1.tgz
36 verbose lock https://registry.npmjs.org/microtime/-/microtime-1.0.1.tgz /Users/kuindji/.npm/110b414b-rg-microtime-microtime-1-0-1-tgz.lock
37 verbose addRemoteTarball [ 'https://registry.npmjs.org/microtime/-/microtime-1.0.1.tgz',
37 verbose addRemoteTarball   '0bd5fd18e6aad88726dc372e94e7daed620ad8ec' ]
38 info retry fetch attempt 1 at 12:45:06
39 verbose fetch to= /var/folders/xl/3zywsh0n3xlgyfhlmg40spfm0000gn/T/npm-1426-AdeCSu0w/registry.npmjs.org/microtime/-/microtime-1.0.1.tgz
40 http GET https://registry.npmjs.org/microtime/-/microtime-1.0.1.tgz
41 http 200 https://registry.npmjs.org/microtime/-/microtime-1.0.1.tgz
42 silly lockFile 110b414b-rg-microtime-microtime-1-0-1-tgz https://registry.npmjs.org/microtime/-/microtime-1.0.1.tgz
43 silly lockFile 110b414b-rg-microtime-microtime-1-0-1-tgz https://registry.npmjs.org/microtime/-/microtime-1.0.1.tgz
44 silly lockFile cf72d2e4-microtime-1-0-1 microtime@1.0.1
45 silly lockFile cf72d2e4-microtime-1-0-1 microtime@1.0.1
46 silly lockFile 1d4f731b-microtime microtime@
47 silly lockFile 1d4f731b-microtime microtime@
48 error Error: EACCES, mkdir '/Users/kuindji/.npm/microtime/1.0.1'
48 error  { [Error: EACCES, mkdir '/Users/kuindji/.npm/microtime/1.0.1']
48 error   errno: 3,
48 error   code: 'EACCES',
48 error   path: '/Users/kuindji/.npm/microtime/1.0.1' }
49 error Please try running this command again as root/Administrator.
50 error System Darwin 13.3.0
51 error command "node" "/usr/local/bin/npm" "install" "-g" "microtime"
52 error cwd /Users/kuindji/projects/metaphorjs/metaphorjs-watchable
53 error node -v v0.10.31
54 error npm -v 1.4.23
55 error path /Users/kuindji/.npm/microtime/1.0.1
56 error code EACCES
57 error errno 3
58 error stack Error: EACCES, mkdir '/Users/kuindji/.npm/microtime/1.0.1'
59 verbose exit [ 3, true ]
